#
# A fatal error has been detected by the Java Runtime Environment:
#
#  EXCEPTION_IN_PAGE_ERROR (0xc0000006) at pc=0x0000000002ffe071, pid=8780, tid=17488
#
# JRE version: Java(TM) SE Runtime Environment (8.0_45-b15) (build 1.8.0_45-b15)
# Java VM: Java HotSpot(TM) 64-Bit Server VM (25.45-b02 mixed mode windows-amd64 compressed oops)
# Problematic frame:
# J 5289 C1 java.util.concurrent.locks.AbstractQueuedSynchronizer$ConditionObject.addConditionWaiter()Ljava/util/concurrent/locks/AbstractQueuedSynchronizer$Node; (64 bytes) @ 0x0000000002ffe071 [0x0000000002ffdfc0+0xb1]
#
# Failed to write core dump. Minidumps are not enabled by default on client versions of Windows
#
# If you would like to submit a bug report, please visit:
#   http://bugreport.java.com/bugreport/crash.jsp
#

---------------  T H R E A D  ---------------

Current thread (0x000000005eef7000):  JavaThread "TaskBatchingWorker-target_localhost-14" daemon [_thread_in_Java, id=17488, stack(0x0000000061b30000,0x0000000061c30000)]

siginfo: ExceptionCode=0xc0000006, ExceptionInformation=0x0000000000000001 0x00000000dc52b000 0x00000000c0000185 

Registers:
RAX=0x00000000dc52aff0, RBX=0x00000000dc590460, RCX=0x0000000000000000, RDX=0x0000000016946e60
RSP=0x0000000061c2ee40, RBP=0x0000000061c2f190, RSI=0x00000000dc590460, RDI=0x00000000dc52b010
R8 =0x000000008349c820, R9 =0x00000000169a1810, R10=0x0000000000000000, R11=0x00000237167ff152
R12=0x0000000000000000, R13=0x0000000061c2f148, R14=0x0000000061c2f1b8, R15=0x000000005eef7000
RIP=0x0000000002ffe071, EFLAGS=0x0000000000010246

Top of Stack: (sp=0x0000000061c2ee40)
0x0000000061c2ee40:   000000008346f3e0 0000000061c2eea0
0x0000000061c2ee50:   00000000835f7b50 000000008349c820
0x0000000061c2ee60:   00000000835f7b50 000000008346f3e0
0x0000000061c2ee70:   000000008346f3e0 000000005ada24ac
0x0000000061c2ee80:   00000000dc52afd0 00000000030a9a49
0x0000000061c2ee90:   0000000056bc8980 0000000061c2eef0
0x0000000061c2eea0:   0000000061c2f190 000000000305a6bc
0x0000000061c2eeb0:   00000237167ff152 000000008349ce38
0x0000000061c2eec0:   0000000061c2f190 0000000002819c64
0x0000000061c2eed0:   00000000606c979e 0000000061c2ef28
0x0000000061c2eee0:   00000000606cc280 0000000000000000
0x0000000061c2eef0:   0000000061c2f190 00000000030a9dd4
0x0000000061c2ef00:   000000005eef7000 000000005ac90052
0x0000000061c2ef10:   0000000000000000 000000000354fd1c
0x0000000061c2ef20:   0000000002617cc1 00000000f52ad118
0x0000000061c2ef30:   000000008349c820 000000003b9aca00 

Instructions: (pc=0x0000000002ffe071)
0x0000000002ffe051:   00 00 00 49 89 7f 60 48 8b 8a a8 00 00 00 48 89
0x0000000002ffe061:   08 48 8b ca 89 48 08 48 33 c9 89 48 0c 48 33 c9
0x0000000002ffe071:   48 89 48 10 48 89 48 18 be fe ff ff ff 89 70 0c
0x0000000002ffe081:   f0 83 04 24 00 49 8b b7 d0 01 00 00 4c 8b d6 44 


Register to memory mapping:

RAX=0x00000000dc52aff0 is an oop
java.util.concurrent.locks.AbstractQueuedSynchronizer$Node 
 - klass: 'java/util/concurrent/locks/AbstractQueuedSynchronizer$Node'
RBX=0x00000000dc590460 is an oop
java.util.concurrent.locks.AbstractQueuedSynchronizer$Node 
 - klass: 'java/util/concurrent/locks/AbstractQueuedSynchronizer$Node'
RCX=0x0000000000000000 is an unknown value
RDX=0x0000000016946e60 is pointing into metadata
RSP=0x0000000061c2ee40 is pointing into the stack for thread: 0x000000005eef7000
RBP=0x0000000061c2f190 is pointing into the stack for thread: 0x000000005eef7000
RSI=0x00000000dc590460 is an oop
java.util.concurrent.locks.AbstractQueuedSynchronizer$Node 
 - klass: 'java/util/concurrent/locks/AbstractQueuedSynchronizer$Node'
RDI=0x00000000dc52b010 is an oop

[error occurred during error reporting (printing register info), id 0xc0000005]

Stack: [0x0000000061b30000,0x0000000061c30000],  sp=0x0000000061c2ee40,  free space=1019k
Native frames: (J=compiled Java code, j=interpreted, Vv=VM code, C=native code)
C  0x0000000002ffe071


---------------  P R O C E S S  ---------------

Java Threads: ( => current thread )
  0x000000005efa9800 JavaThread "http-nio-8761-exec-12" daemon [_thread_blocked, id=13224, stack(0x0000000064790000,0x0000000064890000)]
  0x000000005efa8800 JavaThread "http-nio-8761-exec-14" daemon [_thread_blocked, id=17308, stack(0x00000000645e0000,0x00000000646e0000)]
  0x000000005efac800 JavaThread "http-nio-8761-exec-11" daemon [_thread_blocked, id=20568, stack(0x0000000064280000,0x0000000064380000)]
  0x000000005efa8000 JavaThread "DestroyJavaVM" [_thread_blocked, id=19828, stack(0x0000000002340000,0x0000000002440000)]
  0x000000005ef8a800 JavaThread "http-nio-8761-AsyncTimeout" daemon [_thread_blocked, id=3620, stack(0x00000000632b0000,0x00000000633b0000)]
  0x000000005ef8a000 JavaThread "http-nio-8761-Acceptor-0" daemon [_thread_in_native, id=10568, stack(0x0000000063a60000,0x0000000063b60000)]
  0x000000005ef89000 JavaThread "http-nio-8761-ClientPoller-1" daemon [_thread_in_native, id=11364, stack(0x0000000063b70000,0x0000000063c70000)]
  0x000000005ef88800 JavaThread "http-nio-8761-ClientPoller-0" daemon [_thread_in_native, id=128, stack(0x00000000638e0000,0x00000000639e0000)]
  0x000000005ef87800 JavaThread "http-nio-8761-exec-10" daemon [_thread_blocked, id=17088, stack(0x0000000063770000,0x0000000063870000)]
  0x000000005ef87000 JavaThread "http-nio-8761-exec-9" daemon [_thread_blocked, id=18020, stack(0x00000000635a0000,0x00000000636a0000)]
  0x000000005ef84800 JavaThread "http-nio-8761-exec-6" daemon [_thread_blocked, id=20280, stack(0x0000000062c50000,0x0000000062d50000)]
  0x000000005ef84000 JavaThread "http-nio-8761-exec-5" daemon [_thread_blocked, id=8092, stack(0x0000000062010000,0x0000000062110000)]
  0x000000005ef1e000 JavaThread "http-nio-8761-exec-4" daemon [_thread_blocked, id=15564, stack(0x0000000062fb0000,0x00000000630b0000)]
  0x000000005ef1d000 JavaThread "http-nio-8761-exec-3" daemon [_thread_blocked, id=3768, stack(0x0000000062e00000,0x0000000062f00000)]
  0x000000005ef1b000 JavaThread "http-nio-8761-exec-1" daemon [_thread_blocked, id=9360, stack(0x00000000626a0000,0x00000000627a0000)]
  0x000000005ef1b800 JavaThread "NioBlockingSelector.BlockPoller-1" daemon [_thread_in_native, id=2884, stack(0x0000000062b50000,0x0000000062c50000)]
  0x000000005ef1a000 JavaThread "Eureka-CacheFillTimer" daemon [_thread_blocked, id=14888, stack(0x00000000627c0000,0x00000000628c0000)]
  0x000000005ef19800 JavaThread "Eureka-PeerNodesUpdater" daemon [_thread_blocked, id=3388, stack(0x0000000062530000,0x0000000062630000)]
  0x000000005ef18800 JavaThread "TaskNonBatchingWorker-localhost-0" daemon [_thread_blocked, id=19832, stack(0x0000000062420000,0x0000000062520000)]
  0x000000005ef18000 JavaThread "TaskAcceptor-localhost" daemon [_thread_blocked, id=20076, stack(0x0000000062270000,0x0000000062370000)]
  0x000000005ef17000 JavaThread "TaskBatchingWorker-target_localhost-19" daemon [_thread_blocked, id=19924, stack(0x00000000619f0000,0x0000000061af0000)]
  0x000000005eefa000 JavaThread "TaskBatchingWorker-target_localhost-18" daemon [_thread_blocked, id=8360, stack(0x0000000062110000,0x0000000062210000)]
  0x000000005eef9000 JavaThread "TaskBatchingWorker-target_localhost-17" daemon [_thread_blocked, id=12604, stack(0x0000000061f00000,0x0000000062000000)]
  0x000000005eef8800 JavaThread "TaskBatchingWorker-target_localhost-16" daemon [_thread_blocked, id=1996, stack(0x0000000061d60000,0x0000000061e60000)]
  0x000000005eef7800 JavaThread "TaskBatchingWorker-target_localhost-15" daemon [_thread_blocked, id=12840, stack(0x0000000061c30000,0x0000000061d30000)]
=>0x000000005eef7000 JavaThread "TaskBatchingWorker-target_localhost-14" daemon [_thread_in_Java, id=17488, stack(0x0000000061b30000,0x0000000061c30000)]
  0x000000005eef6000 JavaThread "TaskBatchingWorker-target_localhost-13" daemon [_thread_blocked, id=19592, stack(0x0000000060b10000,0x0000000060c10000)]
  0x000000005eef5800 JavaThread "TaskBatchingWorker-target_localhost-12" daemon [_thread_blocked, id=19580, stack(0x00000000618e0000,0x00000000619e0000)]
  0x000000005eef4800 JavaThread "TaskBatchingWorker-target_localhost-11" daemon [_thread_blocked, id=17316, stack(0x00000000616f0000,0x00000000617f0000)]
  0x000000005eef4000 JavaThread "TaskBatchingWorker-target_localhost-10" daemon [_thread_blocked, id=12920, stack(0x0000000061560000,0x0000000061660000)]
  0x000000005eef3000 JavaThread "TaskBatchingWorker-target_localhost-9" daemon [_thread_blocked, id=11584, stack(0x0000000060d20000,0x0000000060e20000)]
  0x000000005c0f4000 JavaThread "TaskBatchingWorker-target_localhost-8" daemon [_thread_blocked, id=3744, stack(0x000000005dbe0000,0x000000005dce0000)]
  0x000000005c0f3800 JavaThread "TaskBatchingWorker-target_localhost-7" daemon [_thread_blocked, id=10628, stack(0x0000000061410000,0x0000000061510000)]
  0x000000005c0f2800 JavaThread "TaskBatchingWorker-target_localhost-6" daemon [_thread_blocked, id=10560, stack(0x0000000059de0000,0x0000000059ee0000)]
  0x000000005c0f2000 JavaThread "TaskBatchingWorker-target_localhost-5" daemon [_thread_blocked, id=18916, stack(0x0000000061280000,0x0000000061380000)]
  0x000000005c0f1000 JavaThread "TaskBatchingWorker-target_localhost-4" daemon [_thread_blocked, id=5388, stack(0x0000000061100000,0x0000000061200000)]
  0x000000005c0f0800 JavaThread "TaskBatchingWorker-target_localhost-3" daemon [_thread_blocked, id=16540, stack(0x0000000060fa0000,0x00000000610a0000)]
  0x000000005c0ef800 JavaThread "TaskBatchingWorker-target_localhost-2" daemon [_thread_blocked, id=8080, stack(0x0000000060ea0000,0x0000000060fa0000)]
  0x000000005c0ef000 JavaThread "TaskBatchingWorker-target_localhost-1" daemon [_thread_blocked, id=14048, stack(0x000000005cf70000,0x000000005d070000)]
  0x000000005c0ee000 JavaThread "TaskBatchingWorker-target_localhost-0" daemon [_thread_blocked, id=15656, stack(0x000000005d4b0000,0x000000005d5b0000)]
  0x000000005c0ed800 JavaThread "StatsMonitor-0" daemon [_thread_blocked, id=19568, stack(0x0000000060c10000,0x0000000060d10000)]
  0x000000005c0ec800 JavaThread "TaskAcceptor-target_localhost" daemon [_thread_blocked, id=12872, stack(0x0000000060a10000,0x0000000060b10000)]
  0x000000005c0ec000 JavaThread "Eureka-JerseyClient-Conn-Cleaner2" daemon [_thread_blocked, id=8016, stack(0x00000000608f0000,0x00000000609f0000)]
  0x000000005c0eb000 JavaThread "Eureka-MeasureRateTimer" daemon [_thread_blocked, id=20476, stack(0x0000000060500000,0x0000000060600000)]
  0x000000005c0ea000 JavaThread "ReplicaAwareInstanceRegistry - RenewalThresholdUpdater" daemon [_thread_blocked, id=4276, stack(0x00000000603a0000,0x00000000604a0000)]
  0x000000005c0e9800 JavaThread "Eureka-MeasureRateTimer" daemon [_thread_blocked, id=11436, stack(0x000000005e9a0000,0x000000005eaa0000)]
  0x000000005c0e8800 JavaThread "Eureka-EvictionTimer" daemon [_thread_blocked, id=7616, stack(0x0000000060220000,0x0000000060320000)]
  0x000000005c0e8000 JavaThread "Eureka-DeltaRetentionTimer" daemon [_thread_blocked, id=19272, stack(0x0000000060030000,0x0000000060130000)]
  0x000000005c0e7000 JavaThread "container-0" [_thread_blocked, id=15748, stack(0x000000005eaa0000,0x000000005eba0000)]
  0x000000005c0e6800 JavaThread "ContainerBackgroundProcessor[StandardEngine[Tomcat]]" daemon [_thread_blocked, id=19824, stack(0x000000005e890000,0x000000005e990000)]
  0x000000005c0e5800 JavaThread "SimplePauseDetectorThread_0" daemon [_thread_blocked, id=19004, stack(0x000000005e2d0000,0x000000005e3d0000)]
  0x000000005c5fe800 JavaThread "spring.cloud.inetutils" daemon [_thread_blocked, id=20224, stack(0x000000005e020000,0x000000005e120000)]
  0x0000000059646000 JavaThread "RMI Scheduler(0)" daemon [_thread_blocked, id=10704, stack(0x000000005a9e0000,0x000000005aae0000)]
  0x0000000059399000 JavaThread "RMI TCP Accept-0" daemon [_thread_in_native, id=11028, stack(0x000000005a6d0000,0x000000005a7d0000)]
  0x0000000059386000 JavaThread "RMI TCP Accept-54837" daemon [_thread_in_native, id=10332, stack(0x000000005a4c0000,0x000000005a5c0000)]
  0x000000005933f800 JavaThread "RMI TCP Accept-0" daemon [_thread_in_native, id=7352, stack(0x000000005a2b0000,0x000000005a3b0000)]
  0x000000005916a000 JavaThread "Service Thread" daemon [_thread_blocked, id=9864, stack(0x0000000059cd0000,0x0000000059dd0000)]
  0x0000000059157800 JavaThread "C1 CompilerThread2" daemon [_thread_blocked, id=13700, stack(0x0000000058d20000,0x0000000058e20000)]
  0x0000000059119800 JavaThread "C2 CompilerThread1" daemon [_thread_blocked, id=9712, stack(0x0000000059b10000,0x0000000059c10000)]
  0x00000000590ff800 JavaThread "C2 CompilerThread0" daemon [_thread_blocked, id=17288, stack(0x0000000059970000,0x0000000059a70000)]
  0x0000000058933000 JavaThread "Attach Listener" daemon [_thread_blocked, id=4124, stack(0x0000000058e40000,0x0000000058f40000)]
  0x00000000572e8000 JavaThread "Signal Dispatcher" daemon [_thread_blocked, id=19056, stack(0x0000000058710000,0x0000000058810000)]
  0x000000005728a800 JavaThread "Finalizer" daemon [_thread_blocked, id=16056, stack(0x0000000058820000,0x0000000058920000)]
  0x0000000057289800 JavaThread "Reference Handler" daemon [_thread_blocked, id=8108, stack(0x0000000058600000,0x0000000058700000)]

Other Threads:
  0x0000000057284000 VMThread [stack: 0x0000000058410000,0x0000000058510000] [id=11872]
  0x000000005939b800 WatcherThread [stack: 0x000000005a890000,0x000000005a990000] [id=11100]

VM state:not at safepoint (normal execution)

VM Mutex/Monitor currently owned by a thread: None

Heap:
 PSYoungGen      total 617984K, used 133989K [0x00000000d5d00000, 0x00000000fe300000, 0x0000000100000000)
  eden space 607232K, 21% used [0x00000000d5d00000,0x00000000ddf596a8,0x00000000fae00000)
  from space 10752K, 4% used [0x00000000fd880000,0x00000000fd900000,0x00000000fe300000)
  to   space 27136K, 0% used [0x00000000fae00000,0x00000000fae00000,0x00000000fc880000)
 ParOldGen       total 89088K, used 47085K [0x0000000081600000, 0x0000000086d00000, 0x00000000d5d00000)
  object space 89088K, 52% used [0x0000000081600000,0x00000000843fb7d8,0x0000000086d00000)
 Metaspace       used 52452K, capacity 54836K, committed 55168K, reserved 1097728K
  class space    used 7247K, capacity 7688K, committed 7808K, reserved 1048576K

Card table byte_map: [0x00000000119d0000,0x0000000011dd0000] byte_map_base: 0x00000000115c5000

Marking Bits: (ParMarkBitMap*) 0x000000005b314040
 Begin Bits: [0x00000000125a0000, 0x0000000014548000)
 End Bits:   [0x0000000014548000, 0x00000000164f0000)

Polling page: 0x0000000000120000

CodeCache: size=245760Kb used=16685Kb max_used=16685Kb free=229074Kb
 bounds [0x0000000002610000, 0x0000000003660000, 0x0000000011610000]
 total_blobs=9438 nmethods=8928 adapters=421
 compilation: enabled

Compilation events (10 events):
Event: 165441.736 Thread 0x0000000059157800 9751       1       org.springframework.cloud.netflix.eureka.EurekaClientConfigBean::shouldPreferSameZoneEureka (5 bytes)
Event: 165441.736 Thread 0x0000000059157800 nmethod 9751 0x000000000365bd50 code [0x000000000365bea0, 0x000000000365bfb0]
Event: 172783.508 Thread 0x0000000059157800 9753       1       java.util.zip.Deflater::finalize (5 bytes)
Event: 172783.692 Thread 0x0000000059157800 nmethod 9753 0x000000000365c010 code [0x000000000365c160, 0x000000000365c288]
Event: 172787.185 Thread 0x0000000059157800 9754       1       javax.management.openmbean.CompositeType::isAssignableFrom (98 bytes)
Event: 172788.113 Thread 0x0000000059157800 nmethod 9754 0x000000000365c310 code [0x000000000365c500, 0x000000000365cb38]
Event: 177412.063 Thread 0x0000000059157800 9755   !   1       com.netflix.eureka.registry.ResponseCacheImpl::generatePayload (335 bytes)
Event: 177413.177 Thread 0x0000000059157800 nmethod 9755 0x000000000365d190 code [0x000000000365d480, 0x000000000365df08]
Event: 177414.783 Thread 0x0000000059157800 9756   !   1       com.netflix.eureka.registry.ResponseCacheImpl::getPayLoad (79 bytes)
Event: 177414.920 Thread 0x0000000059157800 nmethod 9756 0x000000000365eb90 code [0x000000000365ed60, 0x000000000365f078]

GC Heap History (10 events):
Event: 8.601 GC heap before
{Heap before GC invocations=10 (full 2):
 PSYoungGen      total 368128K, used 14353K [0x00000000d5d00000, 0x00000000f0400000, 0x0000000100000000)
  eden space 349696K, 0% used [0x00000000d5d00000,0x00000000d5d00000,0x00000000eb280000)
  from space 18432K, 77% used [0x00000000ec580000,0x00000000ed384580,0x00000000ed780000)
  to   space 19456K, 0% used [0x00000000eb280000,0x00000000eb280000,0x00000000ec580000)
 ParOldGen       total 61440K, used 18223K [0x0000000081600000, 0x0000000085200000, 0x00000000d5d00000)
  object space 61440K, 29% used [0x0000000081600000,0x00000000827cbd78,0x0000000085200000)
 Metaspace       used 33829K, capacity 35300K, committed 35456K, reserved 1079296K
  class space    used 4601K, capacity 4890K, committed 4992K, reserved 1048576K
Event: 8.778 GC heap after
Heap after GC invocations=10 (full 2):
 PSYoungGen      total 368128K, used 0K [0x00000000d5d00000, 0x00000000f0400000, 0x0000000100000000)
  eden space 349696K, 0% used [0x00000000d5d00000,0x00000000d5d00000,0x00000000eb280000)
  from space 18432K, 0% used [0x00000000ec580000,0x00000000ec580000,0x00000000ed780000)
  to   space 19456K, 0% used [0x00000000eb280000,0x00000000eb280000,0x00000000ec580000)
 ParOldGen       total 89088K, used 23253K [0x0000000081600000, 0x0000000086d00000, 0x00000000d5d00000)
  object space 89088K, 26% used [0x0000000081600000,0x0000000082cb5470,0x0000000086d00000)
 Metaspace       used 33829K, capacity 35300K, committed 35456K, reserved 1079296K
  class space    used 4601K, capacity 4890K, committed 4992K, reserved 1048576K
}
Event: 10.938 GC heap before
{Heap before GC invocations=11 (full 2):
 PSYoungGen      total 368128K, used 349696K [0x00000000d5d00000, 0x00000000f0400000, 0x0000000100000000)
  eden space 349696K, 100% used [0x00000000d5d00000,0x00000000eb280000,0x00000000eb280000)
  from space 18432K, 0% used [0x00000000ec580000,0x00000000ec580000,0x00000000ed780000)
  to   space 19456K, 0% used [0x00000000eb280000,0x00000000eb280000,0x00000000ec580000)
 ParOldGen       total 89088K, used 23253K [0x0000000081600000, 0x0000000086d00000, 0x00000000d5d00000)
  object space 89088K, 26% used [0x0000000081600000,0x0000000082cb5470,0x0000000086d00000)
 Metaspace       used 44595K, capacity 46600K, committed 46848K, reserved 1089536K
  class space    used 6208K, capacity 6583K, committed 6656K, reserved 1048576K
Event: 10.961 GC heap after
Heap after GC invocations=11 (full 2):
 PSYoungGen      total 369152K, used 19449K [0x00000000d5d00000, 0x00000000f6380000, 0x0000000100000000)
  eden space 349696K, 0% used [0x00000000d5d00000,0x00000000d5d00000,0x00000000eb280000)
  from space 19456K, 99% used [0x00000000eb280000,0x00000000ec57e6d0,0x00000000ec580000)
  to   space 22528K, 0% used [0x00000000f4d80000,0x00000000f4d80000,0x00000000f6380000)
 ParOldGen       total 89088K, used 23421K [0x0000000081600000, 0x0000000086d00000, 0x00000000d5d00000)
  object space 89088K, 26% used [0x0000000081600000,0x0000000082cdf750,0x0000000086d00000)
 Metaspace       used 44595K, capacity 46600K, committed 46848K, reserved 1089536K
  class space    used 6208K, capacity 6583K, committed 6656K, reserved 1048576K
}
Event: 3091.384 GC heap before
{Heap before GC invocations=12 (full 2):
 PSYoungGen      total 369152K, used 369145K [0x00000000d5d00000, 0x00000000f6380000, 0x0000000100000000)
  eden space 349696K, 100% used [0x00000000d5d00000,0x00000000eb280000,0x00000000eb280000)
  from space 19456K, 99% used [0x00000000eb280000,0x00000000ec57e6d0,0x00000000ec580000)
  to   space 22528K, 0% used [0x00000000f4d80000,0x00000000f4d80000,0x00000000f6380000)
 ParOldGen       total 89088K, used 23421K [0x0000000081600000, 0x0000000086d00000, 0x00000000d5d00000)
  object space 89088K, 26% used [0x0000000081600000,0x0000000082cdf750,0x0000000086d00000)
 Metaspace       used 52124K, capacity 54498K, committed 54656K, reserved 1095680K
  class space    used 7242K, capacity 7685K, committed 7808K, reserved 1048576K
Event: 3113.953 GC heap after
Heap after GC invocations=12 (full 2):
 PSYoungGen      total 497152K, used 22526K [0x00000000d5d00000, 0x00000000f6380000, 0x0000000100000000)
  eden space 474624K, 0% used [0x00000000d5d00000,0x00000000d5d00000,0x00000000f2c80000)
  from space 22528K, 99% used [0x00000000f4d80000,0x00000000f637fa88,0x00000000f6380000)
  to   space 26624K, 0% used [0x00000000f2f80000,0x00000000f2f80000,0x00000000f4980000)
 ParOldGen       total 89088K, used 26250K [0x0000000081600000, 0x0000000086d00000, 0x00000000d5d00000)
  object space 89088K, 29% used [0x0000000081600000,0x0000000082fa2b50,0x0000000086d00000)
 Metaspace       used 52124K, capacity 54498K, committed 54656K, reserved 1095680K
  class space    used 7242K, capacity 7685K, committed 7808K, reserved 1048576K
}
Event: 46784.434 GC heap before
{Heap before GC invocations=13 (full 2):
 PSYoungGen      total 497152K, used 497150K [0x00000000d5d00000, 0x00000000f6380000, 0x0000000100000000)
  eden space 474624K, 100% used [0x00000000d5d00000,0x00000000f2c80000,0x00000000f2c80000)
  from space 22528K, 99% used [0x00000000f4d80000,0x00000000f637fa88,0x00000000f6380000)
  to   space 26624K, 0% used [0x00000000f2f80000,0x00000000f2f80000,0x00000000f4980000)
 ParOldGen       total 89088K, used 26250K [0x0000000081600000, 0x0000000086d00000, 0x00000000d5d00000)
  object space 89088K, 29% used [0x0000000081600000,0x0000000082fa2b50,0x0000000086d00000)
 Metaspace       used 52379K, capacity 54772K, committed 54912K, reserved 1095680K
  class space    used 7247K, capacity 7688K, committed 7808K, reserved 1048576K
Event: 46801.589 GC heap after
Heap after GC invocations=13 (full 2):
 PSYoungGen      total 504320K, used 2176K [0x00000000d5d00000, 0x00000000ff280000, 0x0000000100000000)
  eden space 477696K, 0% used [0x00000000d5d00000,0x00000000d5d00000,0x00000000f2f80000)
  from space 26624K, 8% used [0x00000000f2f80000,0x00000000f31a0180,0x00000000f4980000)
  to   space 26624K, 0% used [0x00000000fd880000,0x00000000fd880000,0x00000000ff280000)
 ParOldGen       total 89088K, used 45276K [0x0000000081600000, 0x0000000086d00000, 0x00000000d5d00000)
  object space 89088K, 50% used [0x0000000081600000,0x00000000842371b8,0x0000000086d00000)
 Metaspace       used 52379K, capacity 54772K, committed 54912K, reserved 1095680K
  class space    used 7247K, capacity 7688K, committed 7808K, reserved 1048576K
}
Event: 172768.588 GC heap before
{Heap before GC invocations=14 (full 2):
 PSYoungGen      total 504320K, used 479872K [0x00000000d5d00000, 0x00000000ff280000, 0x0000000100000000)
  eden space 477696K, 100% used [0x00000000d5d00000,0x00000000f2f80000,0x00000000f2f80000)
  from space 26624K, 8% used [0x00000000f2f80000,0x00000000f31a0180,0x00000000f4980000)
  to   space 26624K, 0% used [0x00000000fd880000,0x00000000fd880000,0x00000000ff280000)
 ParOldGen       total 89088K, used 45276K [0x0000000081600000, 0x0000000086d00000, 0x00000000d5d00000)
  object space 89088K, 50% used [0x0000000081600000,0x00000000842371b8,0x0000000086d00000)
 Metaspace       used 52452K, capacity 54836K, committed 55168K, reserved 1097728K
  class space    used 7247K, capacity 7688K, committed 7808K, reserved 1048576K
Event: 172782.383 GC heap after
Heap after GC invocations=14 (full 2):
 PSYoungGen      total 617984K, used 512K [0x00000000d5d00000, 0x00000000fe300000, 0x0000000100000000)
  eden space 607232K, 0% used [0x00000000d5d00000,0x00000000d5d00000,0x00000000fae00000)
  from space 10752K, 4% used [0x00000000fd880000,0x00000000fd900000,0x00000000fe300000)
  to   space 27136K, 0% used [0x00000000fae00000,0x00000000fae00000,0x00000000fc880000)
 ParOldGen       total 89088K, used 47085K [0x0000000081600000, 0x0000000086d00000, 0x00000000d5d00000)
  object space 89088K, 52% used [0x0000000081600000,0x00000000843fb7d8,0x0000000086d00000)
 Metaspace       used 52452K, capacity 54836K, committed 55168K, reserved 1097728K
  class space    used 7247K, capacity 7688K, committed 7808K, reserved 1048576K
}

Deoptimization events (0 events):
No events

Internal exceptions (10 events):
Event: 244837.616 Thread 0x000000005c0e8800 Exception <a 'java/io/IOException'> (0x00000000dda54de0) thrown at [C:\re\workspace\8-2-build-windows-amd64-cygwin\jdk8u45\3627\hotspot\src\share\vm\prims\jni.cpp, line 709]
Event: 244897.560 Thread 0x000000005c0e8800 Exception <a 'java/io/IOException'> (0x00000000dda56d40) thrown at [C:\re\workspace\8-2-build-windows-amd64-cygwin\jdk8u45\3627\hotspot\src\share\vm\prims\jni.cpp, line 709]
Event: 244957.559 Thread 0x000000005c0e8800 Exception <a 'java/io/IOException'> (0x00000000dda58ca0) thrown at [C:\re\workspace\8-2-build-windows-amd64-cygwin\jdk8u45\3627\hotspot\src\share\vm\prims\jni.cpp, line 709]
Event: 245017.588 Thread 0x000000005c0e8800 Exception <a 'java/io/IOException'> (0x00000000dda5ac00) thrown at [C:\re\workspace\8-2-build-windows-amd64-cygwin\jdk8u45\3627\hotspot\src\share\vm\prims\jni.cpp, line 709]
Event: 245077.587 Thread 0x000000005c0e8800 Exception <a 'java/io/IOException'> (0x00000000dda5cb60) thrown at [C:\re\workspace\8-2-build-windows-amd64-cygwin\jdk8u45\3627\hotspot\src\share\vm\prims\jni.cpp, line 709]
Event: 245080.350 Thread 0x000000005c0ea000 Exception <a 'java/io/IOException'> (0x00000000d707f0e0) thrown at [C:\re\workspace\8-2-build-windows-amd64-cygwin\jdk8u45\3627\hotspot\src\share\vm\prims\jni.cpp, line 709]
Event: 245137.589 Thread 0x000000005c0e8800 Exception <a 'java/io/IOException'> (0x00000000dda5eac0) thrown at [C:\re\workspace\8-2-build-windows-amd64-cygwin\jdk8u45\3627\hotspot\src\share\vm\prims\jni.cpp, line 709]
Event: 245197.559 Thread 0x000000005c0e8800 Exception <a 'java/io/IOException'> (0x00000000dda60a20) thrown at [C:\re\workspace\8-2-build-windows-amd64-cygwin\jdk8u45\3627\hotspot\src\share\vm\prims\jni.cpp, line 709]
Event: 245257.607 Thread 0x000000005c0e8800 Exception <a 'java/io/IOException'> (0x00000000dda62980) thrown at [C:\re\workspace\8-2-build-windows-amd64-cygwin\jdk8u45\3627\hotspot\src\share\vm\prims\jni.cpp, line 709]
Event: 245317.605 Thread 0x000000005c0e8800 Exception <a 'java/io/IOException'> (0x00000000dda648e0) thrown at [C:\re\workspace\8-2-build-windows-amd64-cygwin\jdk8u45\3627\hotspot\src\share\vm\prims\jni.cpp, line 709]

Events (10 events):
Event: 172783.171 Executing VM operation: RevokeBias
Event: 172783.171 Executing VM operation: RevokeBias done
Event: 172783.171 Executing VM operation: RevokeBias
Event: 172783.171 Executing VM operation: RevokeBias done
Event: 172783.171 Executing VM operation: RevokeBias
Event: 172783.185 Executing VM operation: RevokeBias done
Event: 172783.185 Executing VM operation: RevokeBias
Event: 172783.201 Executing VM operation: RevokeBias done
Event: 172783.201 Executing VM operation: BulkRevokeBias
Event: 172783.459 Executing VM operation: BulkRevokeBias done


Dynamic libraries:
0x000000013f950000 - 0x000000013f987000 	C:\Program Files\Java\jdk1.8.0_45\bin\java.exe
0x0000000076ef0000 - 0x000000007709a000 	C:\Windows\SYSTEM32\ntdll.dll
0x0000000076cd0000 - 0x0000000076def000 	C:\Windows\system32\kernel32.dll
0x000007fefcf40000 - 0x000007fefcfaa000 	C:\Windows\system32\KERNELBASE.dll
0x000007fefd530000 - 0x000007fefd60b000 	C:\Windows\system32\ADVAPI32.dll
0x000007fefd7b0000 - 0x000007fefd84f000 	C:\Windows\system32\msvcrt.dll
0x000007fefd9d0000 - 0x000007fefd9ef000 	C:\Windows\SYSTEM32\sechost.dll
0x000007fefda90000 - 0x000007fefdbbd000 	C:\Windows\system32\RPCRT4.dll
0x0000000076df0000 - 0x0000000076eea000 	C:\Windows\system32\USER32.dll
0x000007fefd960000 - 0x000007fefd9c7000 	C:\Windows\system32\GDI32.dll
0x000007fefd7a0000 - 0x000007fefd7ae000 	C:\Windows\system32\LPK.dll
0x000007fefd200000 - 0x000007fefd2ca000 	C:\Windows\system32\USP10.dll
0x000007fefb730000 - 0x000007fefb924000 	C:\Windows\WinSxS\amd64_microsoft.windows.common-controls_6595b64144ccf1df_6.0.7601.18837_none_fa3b1e3d17594757\COMCTL32.dll
0x000007fefec10000 - 0x000007fefec81000 	C:\Windows\system32\SHLWAPI.dll
0x000007fefed90000 - 0x000007fefedbe000 	C:\Windows\system32\IMM32.DLL
0x000007fefd850000 - 0x000007fefd959000 	C:\Windows\system32\MSCTF.dll
0x000007fefcdb0000 - 0x000007fefcde1000 	C:\Windows\system32\nvinitx.dll
0x000000006bac0000 - 0x000000006bb92000 	C:\Program Files\Java\jdk1.8.0_45\jre\bin\msvcr100.dll
0x000000005ab10000 - 0x000000005b393000 	C:\Program Files\Java\jdk1.8.0_45\jre\bin\server\jvm.dll
0x000007fefac40000 - 0x000007fefac49000 	C:\Windows\system32\WSOCK32.dll
0x000007fefec90000 - 0x000007fefecdd000 	C:\Windows\system32\WS2_32.dll
0x000007fefed80000 - 0x000007fefed88000 	C:\Windows\system32\NSI.dll
0x000007fefaf60000 - 0x000007fefaf9b000 	C:\Windows\system32\WINMM.dll
0x000007fefbed0000 - 0x000007fefbedc000 	C:\Windows\system32\VERSION.dll
0x00000000770c0000 - 0x00000000770c7000 	C:\Windows\system32\PSAPI.DLL
0x000000006de50000 - 0x000000006de5f000 	C:\Program Files\Java\jdk1.8.0_45\jre\bin\verify.dll
0x000000006d820000 - 0x000000006d849000 	C:\Program Files\Java\jdk1.8.0_45\jre\bin\java.dll
0x000000006d770000 - 0x000000006d793000 	C:\Program Files\Java\jdk1.8.0_45\jre\bin\instrument.dll
0x000000006d800000 - 0x000000006d816000 	C:\Program Files\Java\jdk1.8.0_45\jre\bin\zip.dll
0x000007fefdda0000 - 0x000007fefeb29000 	C:\Windows\system32\SHELL32.dll
0x000007fefeff0000 - 0x000007feff1f3000 	C:\Windows\system32\ole32.dll
0x000007fefcdf0000 - 0x000007fefcdff000 	C:\Windows\system32\profapi.dll
0x000007feeb2e0000 - 0x000007feeb2fa000 	D:\setup\IntelliJ IDEA 2017.3.4\bin\breakgen64.dll
0x000000006d700000 - 0x000000006d71a000 	C:\Program Files\Java\jdk1.8.0_45\jre\bin\net.dll
0x000007fefc5c0000 - 0x000007fefc615000 	C:\Windows\system32\mswsock.dll
0x000007fefc5b0000 - 0x000007fefc5b7000 	C:\Windows\System32\wship6.dll
0x000000006d760000 - 0x000000006d76d000 	C:\Program Files\Java\jdk1.8.0_45\jre\bin\management.dll
0x000000006d6e0000 - 0x000000006d6f1000 	C:\Program Files\Java\jdk1.8.0_45\jre\bin\nio.dll
0x000007fefb010000 - 0x000007fefb025000 	C:\Windows\system32\NLAapi.dll
0x000007fef4cc0000 - 0x000007fef4cd5000 	C:\Windows\system32\napinsp.dll
0x000007fef2d40000 - 0x000007fef2d59000 	C:\Windows\system32\pnrpnsp.dll
0x000007fefc440000 - 0x000007fefc49b000 	C:\Windows\system32\DNSAPI.dll
0x000007fef4cb0000 - 0x000007fef4cbb000 	C:\Windows\System32\winrnr.dll
0x000007fef2d30000 - 0x000007fef2d40000 	C:\Windows\system32\wshbth.dll
0x000007fefbfa0000 - 0x000007fefbfa7000 	C:\Windows\System32\wshtcpip.dll
0x000007fefaad0000 - 0x000007fefaaf7000 	C:\Windows\system32\IPHLPAPI.DLL
0x000007fefaac0000 - 0x000007fefaacb000 	C:\Windows\system32\WINNSI.DLL
0x000007fef18d0000 - 0x000007fef18d8000 	C:\Windows\system32\rasadhlp.dll
0x000007fefa010000 - 0x000007fefa063000 	C:\Windows\System32\fwpuclnt.dll
0x000007fefc620000 - 0x000007fefc638000 	C:\Windows\system32\CRYPTSP.dll
0x000007fefc320000 - 0x000007fefc367000 	C:\Windows\system32\rsaenh.dll
0x000007fefc0e0000 - 0x000007fefc0fe000 	C:\Windows\system32\USERENV.dll
0x000007fefcca0000 - 0x000007fefccaf000 	C:\Windows\system32\CRYPTBASE.dll
0x000007fefa8c0000 - 0x000007fefa8d8000 	C:\Windows\system32\dhcpcsvc.DLL
0x000007fefa760000 - 0x000007fefa771000 	C:\Windows\system32\dhcpcsvc6.DLL
0x000000006cf80000 - 0x000000006cfa4000 	C:\Program Files\Java\jdk1.8.0_45\jre\bin\sunec.dll
0x000007fee4fb0000 - 0x000007fee50d5000 	C:\Windows\system32\dbghelp.dll

VM Arguments:
jvm_args: -XX:TieredStopAtLevel=1 -Xverify:none -Dspring.output.ansi.enabled=always -Dcom.sun.management.jmxremote -Dcom.sun.management.jmxremote.port=54837 -Dcom.sun.management.jmxremote.authenticate=false -Dcom.sun.management.jmxremote.ssl=false -Djava.rmi.server.hostname=localhost -Dspring.liveBeansView.mbeanDomain -Dspring.application.admin.enabled=true -javaagent:D:\setup\IntelliJ IDEA 2017.3.4\lib\idea_rt.jar=54838:D:\setup\IntelliJ IDEA 2017.3.4\bin -Dfile.encoding=UTF-8 
java_command: com.mes.eureka.EurekaApplication
java_class_path (initial): C:\Program Files\Java\jdk1.8.0_45\jre\lib\charsets.jar;C:\Program Files\Java\jdk1.8.0_45\jre\lib\deploy.jar;C:\Program Files\Java\jdk1.8.0_45\jre\lib\ext\access-bridge-64.jar;C:\Program Files\Java\jdk1.8.0_45\jre\lib\ext\cldrdata.jar;C:\Program Files\Java\jdk1.8.0_45\jre\lib\ext\dnsns.jar;C:\Program Files\Java\jdk1.8.0_45\jre\lib\ext\jaccess.jar;C:\Program Files\Java\jdk1.8.0_45\jre\lib\ext\jfxrt.jar;C:\Program Files\Java\jdk1.8.0_45\jre\lib\ext\localedata.jar;C:\Program Files\Java\jdk1.8.0_45\jre\lib\ext\nashorn.jar;C:\Program Files\Java\jdk1.8.0_45\jre\lib\ext\sunec.jar;C:\Program Files\Java\jdk1.8.0_45\jre\lib\ext\sunjce_provider.jar;C:\Program Files\Java\jdk1.8.0_45\jre\lib\ext\sunmscapi.jar;C:\Program Files\Java\jdk1.8.0_45\jre\lib\ext\sunpkcs11.jar;C:\Program Files\Java\jdk1.8.0_45\jre\lib\ext\zipfs.jar;C:\Program Files\Java\jdk1.8.0_45\jre\lib\javaws.jar;C:\Program Files\Java\jdk1.8.0_45\jre\lib\jce.jar;C:\Program Files\Java\jdk1.8.0_45\jre\lib\jfr.jar;C:\Program Files\Java\jdk1.8.0_45\jre\lib\jfxswt.jar;C:\Program Files\Java\jdk1.8.0_45\jre\lib\jsse.jar;C:\Program Files\Java\jdk1.8.0_45\jre\lib\management-agent.jar;C:\Program Files\Java\jdk1.8.0_45\jre\lib\plugin.jar;C:\Program Files\Java\jdk1.8.0_45\jre\lib\resources.jar;C:\Program Files\Java\jdk1.8.0_45\jre\lib\rt.jar;D:\DemoSpace\SpringCludDemo\mes\eureka\target\classes;C:\Users\Administrator\.m2\repository\org\springframework\cloud\spring-cloud-starter-netflix-eureka-server\2.0.0.M7\spring-cloud-starter-netflix-eureka-server-2.0.0.M7.jar;C:\Users\Administrator\.m2\repository\org\springframework\cloud\spring-cloud-starter\2.0.0.M8\spring-cloud-starter-2.0.0.M8.jar;C:\Users\Administrator\.m2\repository\org\springframework\cloud\spring-cloud-context\2.0.0.M8\spring-cloud-context-2.0.0.M8.jar;C:\Users\Administrator\.m2\repository\org\springframework\security\spring-security-crypto\5.0.3.RELEASE\spring-security-crypto-5.0.3.RELEASE.jar;C:\Users\Administrator\.m2\repository\org\spr
Launcher Type: SUN_STANDARD

Environment Variables:
JAVA_HOME=C:\Program Files\Java\jdk1.8.0_45
CLASSPATH=.;C:\Program Files\Java\jdk1.8.0_45\lib\dt.jar;C:\Program Files\Java\jdk1.8.0_45\lib\tools.jar;
PATH=C:\Program Files (x86)\Business Objects\Common\3.5\bin\NOTES\;C:\Program Files (x86)\Business Objects\Common\3.5\bin\NOTES\DATA\;D:\setup\oracle\app\product\11.1.0\db_1\bin;C:\ProgramData\Oracle\Java\javapath;C:\Windows\system32;C:\Windows;C:\Windows\System32\Wbem;C:\Windows\System32\WindowsPowerShell\v1.0\;C:\Program Files\Java\jdk1.8.0_45\bin;C:\Program Files\Java\jdk1.8.0_45\jre\bin;D:\setup\svn\bin;D:\android\android-sdk_r24.4.1-windows\android-sdk-windows\tools;D:\android\android-sdk_r24.4.1-windows\android-sdk-windows\platform-tools;C:\KMSOFT\COMMON\;D:\setup\KmApsViewer\iop\code\bin;%MYSQL_HOME%\bin;D:\setup\NodeJs\;D:\setup\Git\cmd;D:\NodeJs\node_global\node_modules
USERNAME=Administrator
OS=Windows_NT
PROCESSOR_IDENTIFIER=Intel64 Family 6 Model 61 Stepping 4, GenuineIntel



---------------  S Y S T E M  ---------------

OS: Windows 7 , 64 bit Build 7601 (6.1.7601.23569)

CPU:total 4 (2 cores per cpu, 2 threads per core) family 6 model 61 stepping 4, cmov, cx8, fxsr, mmx, sse, sse2, sse3, ssse3, sse4.1, sse4.2, popcnt, avx, avx2, aes, clmul, erms, 3dnowpref, lzcnt, ht, tsc, tscinvbit, bmi1, bmi2, adx

Memory: 4k page, physical 8297976k(972620k free), swap 16594092k(4682376k free)

vm_info: Java HotSpot(TM) 64-Bit Server VM (25.45-b02) for windows-amd64 JRE (1.8.0_45-b15), built on Apr 30 2015 12:40:44 by "java_re" with MS VC++ 10.0 (VS2010)

time: Sun Mar 25 17:12:04 2018
elapsed time: 245373 seconds (2d 20h 9m 33s)

